c:\projects_izkhor\visual-c-\mfc_dlgnew\mfc_dlgnew\debug\mfc_dlgnew.pch
c:\projects_izkhor\visual-c-\mfc_dlgnew\mfc_dlgnew\debug\vc140.pdb
c:\projects_izkhor\visual-c-\mfc_dlgnew\mfc_dlgnew\debug\vc140.idb
c:\projects_izkhor\visual-c-\mfc_dlgnew\mfc_dlgnew\debug\stdafx.obj
c:\projects_izkhor\visual-c-\mfc_dlgnew\mfc_dlgnew\debug\btnst.obj
c:\projects_izkhor\visual-c-\mfc_dlgnew\mfc_dlgnew\debug\dlgnew.obj
c:\projects_izkhor\visual-c-\mfc_dlgnew\mfc_dlgnew\debug\mfc_dlgnew.obj
c:\projects_izkhor\visual-c-\mfc_dlgnew\mfc_dlgnew\debug\mfc_dlgnewdlg.obj
c:\projects_izkhor\visual-c-\mfc_dlgnew\mfc_dlgnew\debug\dlgnew_2.obj
c:\projects_izkhor\visual-c-\mfc_dlgnew\debug\mfc_dlgnew.ilk
c:\projects_izkhor\visual-c-\mfc_dlgnew\debug\mfc_dlgnew.exe
c:\projects_izkhor\visual-c-\mfc_dlgnew\debug\mfc_dlgnew.pdb
c:\projects_izkhor\visual-c-\mfc_dlgnew\mfc_dlgnew\debug\mfc_dlgnew.res
c:\projects_izkhor\visual-c-\mfc_dlgnew\mfc_dlgnew\debug\mfc_dlgnew.tlog\cl.command.1.tlog
c:\projects_izkhor\visual-c-\mfc_dlgnew\mfc_dlgnew\debug\mfc_dlgnew.tlog\cl.read.1.tlog
c:\projects_izkhor\visual-c-\mfc_dlgnew\mfc_dlgnew\debug\mfc_dlgnew.tlog\cl.write.1.tlog
c:\projects_izkhor\visual-c-\mfc_dlgnew\mfc_dlgnew\debug\mfc_dlgnew.tlog\link.820-cvtres.read.1.tlog
c:\projects_izkhor\visual-c-\mfc_dlgnew\mfc_dlgnew\debug\mfc_dlgnew.tlog\link.820-cvtres.write.1.tlog
c:\projects_izkhor\visual-c-\mfc_dlgnew\mfc_dlgnew\debug\mfc_dlgnew.tlog\link.820-mt.read.1.tlog
c:\projects_izkhor\visual-c-\mfc_dlgnew\mfc_dlgnew\debug\mfc_dlgnew.tlog\link.820-mt.write.1.tlog
c:\projects_izkhor\visual-c-\mfc_dlgnew\mfc_dlgnew\debug\mfc_dlgnew.tlog\link.820-rc.read.1.tlog
c:\projects_izkhor\visual-c-\mfc_dlgnew\mfc_dlgnew\debug\mfc_dlgnew.tlog\link.820-rc.write.1.tlog
c:\projects_izkhor\visual-c-\mfc_dlgnew\mfc_dlgnew\debug\mfc_dlgnew.tlog\link.820.read.1.tlog
c:\projects_izkhor\visual-c-\mfc_dlgnew\mfc_dlgnew\debug\mfc_dlgnew.tlog\link.820.write.1.tlog
c:\projects_izkhor\visual-c-\mfc_dlgnew\mfc_dlgnew\debug\mfc_dlgnew.tlog\link.command.1.tlog
c:\projects_izkhor\visual-c-\mfc_dlgnew\mfc_dlgnew\debug\mfc_dlgnew.tlog\link.read.1.tlog
c:\projects_izkhor\visual-c-\mfc_dlgnew\mfc_dlgnew\debug\mfc_dlgnew.tlog\link.write.1.tlog
c:\projects_izkhor\visual-c-\mfc_dlgnew\mfc_dlgnew\debug\mfc_dlgnew.tlog\rc.command.1.tlog
c:\projects_izkhor\visual-c-\mfc_dlgnew\mfc_dlgnew\debug\mfc_dlgnew.tlog\rc.read.1.tlog
c:\projects_izkhor\visual-c-\mfc_dlgnew\mfc_dlgnew\debug\mfc_dlgnew.tlog\rc.write.1.tlog
